Hitachi Optimizing Linkage Editor (Ver. 7.1.03.000)18-Aug-2024 16:59:13

*** Options ***

-FO=library
-LIB=fxCG_library
-LIS=fxCG_library.lst
-DEL=_Bdisp_WriteGraph_DD,_Bdisp_SetPoint_VRAM,_Bdisp_SetPoint_DDVRAM,_Bdisp_SetPoint_DD,_Bdel_cychdr,_Bcre_cychdr

*** Error information ***

** L1200 (W) Backed up file "fxCG_library.lib" into "fxCG_library.lbk"

*** Library Information ***

LIBRARY NAME=fxCG_library.lib
CPU=SuperH
ENDIAN=Big
ATTRIBUTE=user
NUMBER OF MODULE=312

*** Library List ***

MODULE    LAST UPDATE
  SECTION
    SYMBOL

div
          02-Aug-2000 16:13:52
floatval
          18-Jul-2000 12:43:54
hugeval
          18-Jul-2000 12:43:58
longjmp
          18-Jul-2000 12:44:01
setjmp
          18-Jul-2000 12:44:04
cppsec
          18-Jul-2000 08:42:16
__dtoid
          17-Jul-2000 19:35:23
__idtod
          17-Jul-2000 19:35:23
__i_addd
          17-Jul-2000 19:35:23
__i_adds
          17-Jul-2000 19:35:23
__i_divd
          17-Jul-2000 19:35:24
__i_divs
          17-Jul-2000 19:35:24
__in_eqd
          17-Jul-2000 19:35:24
__in_eqs
          17-Jul-2000 19:35:24
__i_fmdd
          17-Jul-2000 19:35:24
__i_fmds
          17-Jul-2000 19:35:24
__in_gtd
          17-Jul-2000 19:35:24
__in_gts
          17-Jul-2000 19:35:24
__i_lded
          17-Jul-2000 19:35:24
__i_ldes
          17-Jul-2000 19:35:24
__i_muld
          17-Jul-2000 19:35:24
__i_muls
          17-Jul-2000 19:35:25
__i_sqrd
          17-Jul-2000 19:35:25
__i_sqrs
          17-Jul-2000 19:35:25
__i_trnd
          17-Jul-2000 19:35:25
__i_trns
          17-Jul-2000 19:35:25
__istos
          17-Jul-2000 19:35:25
__istypd
          17-Jul-2000 19:35:25
__istyps
          17-Jul-2000 19:35:25
__itoid
          17-Jul-2000 19:35:25
__itois
          17-Jul-2000 19:35:25
__polind
          17-Jul-2000 19:35:26
__polins
          17-Jul-2000 19:35:26
__stois
          17-Jul-2000 19:35:26
_fabs
          17-Jul-2000 19:35:26
_fabsf
          17-Jul-2000 19:35:26
_frexp
          17-Jul-2000 19:35:26
_frexpf
          17-Jul-2000 19:35:26
r_addd
          17-Jul-2000 19:35:26
r_adds
          17-Jul-2000 19:35:26
r_divd
          17-Jul-2000 19:35:26
r_divs
          17-Jul-2000 19:35:26
r_dtoi
          17-Jul-2000 19:35:27
r_dtos
          17-Jul-2000 19:35:27
r_eqd
          17-Jul-2000 19:35:27
r_eqs
          17-Jul-2000 19:35:27
r_ged
          17-Jul-2000 19:35:27
r_ges
          17-Jul-2000 19:35:27
r_gtd
          17-Jul-2000 19:35:27
r_gts
          17-Jul-2000 19:35:27
r_itod
          17-Jul-2000 19:35:27
r_itos
          17-Jul-2000 19:35:28
r_led
          17-Jul-2000 19:35:28
r_les
          17-Jul-2000 19:35:28
r_ltd
          17-Jul-2000 19:35:28
r_lts
          17-Jul-2000 19:35:28
r_muld
          17-Jul-2000 19:35:28
r_muls
          17-Jul-2000 19:35:28
r_ned
          17-Jul-2000 19:35:28
r_negd
          17-Jul-2000 19:35:29
r_negs
          17-Jul-2000 19:35:29
r_nes
          17-Jul-2000 19:35:28
r_poad
          17-Jul-2000 19:35:29
r_poas
          17-Jul-2000 19:35:29
r_posd
          17-Jul-2000 19:35:29
r_poss
          17-Jul-2000 19:35:29
r_stod
          17-Jul-2000 19:35:29
r_stoi
          17-Jul-2000 19:35:29
r_utod
          17-Jul-2000 19:35:29
r_utos
          17-Jul-2000 19:35:29
constd
          28-Jul-2000 10:18:22
consts
          18-Jul-2000 09:16:34
__bfsbs
          18-Jul-2000 09:10:41
__bfsbu
          01-Aug-2000 10:49:35
__bfsls
          18-Jul-2000 09:10:41
__bfslu
          01-Aug-2000 10:49:35
__bfsws
          18-Jul-2000 09:10:41
__bfswu
          18-Jul-2000 09:10:41
__bfxbs
          18-Jul-2000 09:10:41
__bfxbu
          18-Jul-2000 09:10:41
__bfxls
          18-Jul-2000 09:10:41
__bfxlu
          01-Aug-2000 10:49:35
__bfxws
          18-Jul-2000 09:10:41
__bfxwu
          18-Jul-2000 09:10:41
__divbs
          18-Jul-2000 09:10:41
__divbu
          18-Jul-2000 09:10:41
__divls
          18-Jul-2000 09:10:41
__divlu
          18-Jul-2000 09:10:42
__divws
          18-Jul-2000 09:10:42
__divwu
          18-Jul-2000 09:10:42
__modbs
          18-Jul-2000 09:10:42
__modbu
          18-Jul-2000 09:10:42
__modls
          18-Jul-2000 09:10:42
__modlu
          18-Jul-2000 09:10:42
__modws
          18-Jul-2000 09:10:42
__modwu
          18-Jul-2000 09:10:42
__q_mvn
          18-Jul-2000 09:10:42
__q_fmvn
          18-Jul-2000 09:10:42
__q_scmp
          18-Jul-2000 09:10:42
__q_scpy
          18-Jul-2000 09:10:42
__sftl
          18-Jul-2000 09:10:42
__sftrl
          18-Jul-2000 09:10:42
__sftra
          18-Jul-2000 09:10:42
__shift
          18-Jul-2000 09:10:42
__s_mvn
          18-Jul-2000 09:10:42
__s_scmp
          18-Jul-2000 09:10:43
__s_scpy
          18-Jul-2000 09:10:43
__divlsp
          18-Jul-2000 09:10:43
__divlnm
          18-Jul-2000 09:10:43
__modlsp
          18-Jul-2000 09:10:43
__modlnm
          18-Jul-2000 09:10:43
__strcmp
          18-Jul-2000 09:10:43
_a_atand
          27-Sep-2001 14:44:48
_a_atans
          27-Sep-2001 14:44:52
_a_cosd
          27-Sep-2001 14:44:48
_a_coss
          27-Sep-2001 14:44:52
_a_sind
          27-Sep-2001 14:44:48
_a_sins
          27-Sep-2001 14:44:52
_add
          27-Sep-2001 14:45:06
_allzero
          27-Sep-2001 14:44:58
_alocbuf
          27-Sep-2001 14:44:56
_calcfpo
          27-Sep-2001 14:45:04
_calcint
          27-Sep-2001 14:45:06
_calcnpw
          27-Sep-2001 14:45:00
_calcxpo
          27-Sep-2001 14:45:08
_ctype
          27-Sep-2001 14:45:12
_div64
          27-Sep-2001 14:45:08
_duchek
          27-Sep-2001 14:45:00
_errno
          27-Sep-2001 14:45:12
_fillbuf
          27-Sep-2001 14:44:56
_flclose
          27-Sep-2001 14:44:58
_flopen
          27-Sep-2001 14:44:58
_flshbuf
          27-Sep-2001 14:44:56
_fmtin
          27-Sep-2001 14:45:02
_fmtout
          27-Sep-2001 14:44:58
_freeptr
          27-Sep-2001 14:45:10
_i_acosd
          27-Sep-2001 14:44:48
_i_acoss
          27-Sep-2001 14:44:52
_i_asind
          27-Sep-2001 14:44:48
_i_asins
          27-Sep-2001 14:44:52
_i_atand
          27-Sep-2001 14:44:52
_i_atans
          27-Sep-2001 14:44:52
_i_atn2d
          27-Sep-2001 14:44:48
_i_atn2s
          27-Sep-2001 14:44:52
_i_ceild
          27-Sep-2001 14:44:48
_i_ceils
          27-Sep-2001 14:44:52
_i_coshd
          27-Sep-2001 14:44:48
_i_coshs
          27-Sep-2001 14:44:54
_i_flord
          27-Sep-2001 14:44:48
_i_flors
          27-Sep-2001 14:44:54
_i_log0d
          27-Sep-2001 14:44:48
_i_log0s
          27-Sep-2001 14:44:54
_i_modfd
          27-Sep-2001 14:45:00
_i_modfs
          27-Sep-2001 14:44:54
_i_sinhd
          27-Sep-2001 14:44:48
_i_sinhs
          27-Sep-2001 14:44:54
_i_tanhd
          27-Sep-2001 14:44:48
_i_tanhs
          27-Sep-2001 14:44:54
_in_cosd
          27-Sep-2001 14:44:48
_in_coss
          27-Sep-2001 14:44:54
_in_expd
          27-Sep-2001 14:44:50
_in_exps
          27-Sep-2001 14:44:54
_in_logd
          27-Sep-2001 14:44:50
_in_logs
          27-Sep-2001 14:44:54
_in_powd
          27-Sep-2001 14:44:50
_in_pows
          27-Sep-2001 14:44:54
_in_sind
          27-Sep-2001 14:44:50
_in_sins
          27-Sep-2001 14:44:54
_in_tand
          27-Sep-2001 14:44:50
_in_tans
          27-Sep-2001 14:44:54
_iob
          27-Sep-2001 14:45:10
_its
          27-Sep-2001 14:45:02
_log10
          27-Sep-2001 14:45:00
_lsft
          27-Sep-2001 14:45:08
_lsfts
          27-Sep-2001 14:45:08
_mult
          27-Sep-2001 14:45:08
_mult64
          27-Sep-2001 14:45:08
_packf
          27-Sep-2001 14:45:04
_packx
          27-Sep-2001 14:45:08
_pow10
          27-Sep-2001 14:45:08
_pow5
          27-Sep-2001 14:45:08
_power
          27-Sep-2001 14:45:08
_putcsub
          27-Sep-2001 14:44:56
_rnd
          27-Sep-2001 14:45:08
_rnext
          27-Sep-2001 14:45:12
_rsft
          27-Sep-2001 14:45:08
_rsfts
          27-Sep-2001 14:45:08
_setsbit
          27-Sep-2001 14:45:08
_stf
          27-Sep-2001 14:45:02
_strchek
          27-Sep-2001 14:45:08
_stx
          27-Sep-2001 14:45:08
_sub
          27-Sep-2001 14:45:08
_umemcmp
          27-Sep-2001 14:45:02
_unpack
          27-Sep-2001 14:44:58
_xti
          27-Sep-2001 14:44:58
abs
          27-Sep-2001 14:45:08
acos
          27-Sep-2001 14:44:50
acosf
          27-Sep-2001 14:44:54
array_del
          27-Sep-2001 14:45:14
array_new
          27-Sep-2001 14:45:14
array_nonew
          27-Sep-2001 14:45:14
array_pdel
          27-Sep-2001 14:45:14
array_pnew
          27-Sep-2001 14:45:14
asin
          27-Sep-2001 14:44:50
asinf
          27-Sep-2001 14:44:54
atan
          27-Sep-2001 14:44:50
atan2
          27-Sep-2001 14:44:50
atan2f
          27-Sep-2001 14:44:54
atanf
          27-Sep-2001 14:44:54
atof
          27-Sep-2001 14:45:08
atoi
          27-Sep-2001 14:45:12
atol
          27-Sep-2001 14:45:08
bsearch
          27-Sep-2001 14:45:10
ceil
          27-Sep-2001 14:44:50
ceilf
          27-Sep-2001 14:44:54
copyrigh
          27-Sep-2001 14:44:46
cos
          27-Sep-2001 14:44:50
cosf
          27-Sep-2001 14:44:54
cosh
          27-Sep-2001 14:44:50
coshf
          27-Sep-2001 14:44:54
cppinit
          27-Sep-2001 14:45:14
delete
          27-Sep-2001 14:45:14
dtor_list
          27-Sep-2001 14:45:14
error
          27-Sep-2001 14:45:14
exp
          27-Sep-2001 14:44:50
expf
          27-Sep-2001 14:44:56
floor
          27-Sep-2001 14:44:50
floorf
          27-Sep-2001 14:44:56
fmod
          27-Sep-2001 14:44:52
fmodf
          27-Sep-2001 14:44:56
isalnum
          27-Sep-2001 14:44:46
isalpha
          27-Sep-2001 14:44:46
iscntrl
          27-Sep-2001 14:44:46
isdigit
          27-Sep-2001 14:44:46
isgraph
          27-Sep-2001 14:44:46
islower
          27-Sep-2001 14:44:46
isprint
          27-Sep-2001 14:44:46
ispunct
          27-Sep-2001 14:44:46
isspace
          27-Sep-2001 14:44:46
isupper
          27-Sep-2001 14:44:46
isxdigit
          27-Sep-2001 14:44:46
labs
          27-Sep-2001 14:45:10
ldexp
          27-Sep-2001 14:44:50
ldexpf
          27-Sep-2001 14:44:56
log
          27-Sep-2001 14:44:50
log10
          27-Sep-2001 14:44:52
log10f
          27-Sep-2001 14:44:56
logf
          27-Sep-2001 14:44:56
memchr
          27-Sep-2001 14:45:12
memcmp
          27-Sep-2001 14:45:12
memcpy
          27-Sep-2001 14:45:12
memmove
          27-Sep-2001 14:45:12
memset
          27-Sep-2001 14:45:12
memzero
          27-Sep-2001 14:45:14
modf
          27-Sep-2001 14:45:00
modff
          27-Sep-2001 14:44:56
munch_ctors
          27-Sep-2001 14:45:16
munch_dtors
          27-Sep-2001 14:45:16
new
          27-Sep-2001 14:45:16
new_cnst
          27-Sep-2001 14:45:18
new_hand
          27-Sep-2001 14:45:14
newhandler
          27-Sep-2001 14:45:16
newnothrow
          27-Sep-2001 14:45:16
placedel
          27-Sep-2001 14:45:16
placenew
          27-Sep-2001 14:45:16
pow
          27-Sep-2001 14:44:52
powf
          27-Sep-2001 14:44:56
pure_virt
          27-Sep-2001 14:45:16
qsort
          27-Sep-2001 14:45:10
rand
          27-Sep-2001 14:45:10
rtti
          27-Sep-2001 14:45:16
set_new
          27-Sep-2001 14:45:16
sin
          27-Sep-2001 14:44:52
sinf
          27-Sep-2001 14:44:56
sinh
          27-Sep-2001 14:44:52
sinhf
          27-Sep-2001 14:44:56
sprintf
          27-Sep-2001 14:45:04
sqrt
          27-Sep-2001 14:44:52
sqrtf
          27-Sep-2001 14:44:56
srand
          27-Sep-2001 14:45:10
sscanf
          27-Sep-2001 14:45:04
static_init
          27-Sep-2001 14:45:16
strcat
          27-Sep-2001 14:45:12
strchr
          27-Sep-2001 14:45:12
strcmp
          27-Sep-2001 14:45:12
strcpy
          27-Sep-2001 14:45:12
strcspn
          27-Sep-2001 14:45:12
strerror
          27-Sep-2001 14:45:12
strlen
          27-Sep-2001 14:45:12
strncat
          27-Sep-2001 14:45:12
strncmp
          27-Sep-2001 14:45:12
strncpy
          27-Sep-2001 14:45:12
strpbrk
          27-Sep-2001 14:45:14
strrchr
          27-Sep-2001 14:45:14
strspn
          27-Sep-2001 14:45:14
strstr
          27-Sep-2001 14:45:14
strtod
          27-Sep-2001 14:45:10
strtok
          27-Sep-2001 14:45:14
strtol
          27-Sep-2001 14:45:10
tan
          27-Sep-2001 14:44:52
tanf
          27-Sep-2001 14:44:56
tanh
          27-Sep-2001 14:44:52
tanhf
          27-Sep-2001 14:44:56
throw
          27-Sep-2001 14:45:16
tolower
          27-Sep-2001 14:44:48
toupper
          27-Sep-2001 14:44:48
typeinfo
          27-Sep-2001 14:45:16
vars
          27-Sep-2001 14:45:16
vec_cctor
          27-Sep-2001 14:45:16
vec_newdel
          27-Sep-2001 14:45:18
vsprintf
          27-Sep-2001 14:45:04
error_plusplus
          27-Dec-2006 16:07:16
